#
# A fatal error has been detected by the Java Runtime Environment:
#
# java.lang.OutOfMemoryError: requested 5144576 bytes for card table expansion. Out of swap space?
#
#  Internal Error (cardTableModRefBS.cpp:277), pid=7088, tid=7128
#  Error: card table expansion
#
# JRE version: 6.0_22-b04
# Java VM: Java HotSpot(TM) 64-Bit Server VM (17.1-b03 mixed mode windows-amd64 )
# If you would like to submit a bug report, please visit:
#   http://java.sun.com/webapps/bugreport/crash.jsp
#

---------------  T H R E A D  ---------------

Current thread (0x00000000004ff800):  VMThread [stack: 0x0000000009870000,0x0000000009970000] [id=7128]

Stack: [0x0000000009870000,0x0000000009970000]
VM_Operation (0x000000000212f650): ParallelGCFailedAllocation, mode: safepoint, requested by thread 0x000000000053b000


---------------  P R O C E S S  ---------------

Java Threads: ( => current thread )
  0x0000000009bb1800 JavaThread "Low Memory Detector" daemon [_thread_blocked, id=3244, stack(0x000000000a170000,0x000000000a270000)]
  0x000000000052d000 JavaThread "CompilerThread1" daemon [_thread_blocked, id=1036, stack(0x000000000a070000,0x000000000a170000)]
  0x0000000000522000 JavaThread "CompilerThread0" daemon [_thread_blocked, id=6972, stack(0x0000000009f70000,0x000000000a070000)]
  0x0000000000520800 JavaThread "Attach Listener" daemon [_thread_blocked, id=6364, stack(0x0000000009e70000,0x0000000009f70000)]
  0x0000000009bb0800 JavaThread "Signal Dispatcher" daemon [_thread_blocked, id=5004, stack(0x0000000009d70000,0x0000000009e70000)]
  0x000000000050c800 JavaThread "Finalizer" daemon [_thread_blocked, id=8036, stack(0x0000000009a70000,0x0000000009b70000)]
  0x0000000000503800 JavaThread "Reference Handler" daemon [_thread_blocked, id=5588, stack(0x0000000009970000,0x0000000009a70000)]
  0x000000000053b000 JavaThread "main" [_thread_blocked, id=4336, stack(0x0000000002030000,0x0000000002130000)]

Other Threads:
=>0x00000000004ff800 VMThread [stack: 0x0000000009870000,0x0000000009970000] [id=7128]
  0x0000000009bb3800 WatcherThread [stack: 0x000000000a270000,0x000000000a370000] [id=7672]

VM state:at safepoint (normal execution)

VM Mutex/Monitor currently owned by a thread:  ([mutex/lock_event])
[0x00000000005392e0] Threads_lock - owner thread: 0x00000000004ff800
[0x00000000005397e0] Heap_lock - owner thread: 0x000000000053b000

Heap
 PSYoungGen      total 3001024K, used 176K [0x00000003c6950000, 0x0000000534eb0000, 0x00000005673f0000)
  eden space 2572352K, 0% used [0x00000003c6950000,0x00000003c6950000,0x0000000463960000)
  from space 428672K, 0% used [0x000000047dc00000,0x000000047dc2c018,0x0000000497ea0000)
  to   space 428672K, 0% used [0x0000000463960000,0x0000000463960000,0x000000047dc00000)
 PSOldGen        total 6859456K, used 0K [0x00000000853f0000, 0x0000000227ea0000, 0x00000003c6950000)
  object space 6859456K, 0% used [0x00000000853f0000,0x00000000853f0000,0x0000000227ea0000)
 PSPermGen       total 21248K, used 2511K [0x000000007fff0000, 0x00000000814b0000, 0x00000000853f0000)
  object space 21248K, 11% used [0x000000007fff0000,0x0000000080263d00,0x00000000814b0000)

Dynamic libraries:
0x0000000000400000 - 0x000000000042e000 	C:\jre6\bin\javaw.exe
0x00000000772f0000 - 0x000000007749b000 	C:\Windows\SYSTEM32\ntdll.dll
0x00000000771d0000 - 0x00000000772ef000 	C:\Windows\system32\kernel32.dll
0x000007fefd380000 - 0x000007fefd3eb000 	C:\Windows\system32\KERNELBASE.dll
0x000007feff200000 - 0x000007feff2db000 	C:\Windows\system32\ADVAPI32.dll
0x000007fefeda0000 - 0x000007fefee3f000 	C:\Windows\system32\msvcrt.dll
0x000007feff480000 - 0x000007feff49f000 	C:\Windows\SYSTEM32\sechost.dll
0x000007fefebc0000 - 0x000007fefecee000 	C:\Windows\system32\RPCRT4.dll
0x00000000770d0000 - 0x00000000771ca000 	C:\Windows\system32\USER32.dll
0x000007feff2e0000 - 0x000007feff347000 	C:\Windows\system32\GDI32.dll
0x000007fefed90000 - 0x000007fefed9e000 	C:\Windows\system32\LPK.dll
0x000007fefe970000 - 0x000007fefea3a000 	C:\Windows\system32\USP10.dll
0x000007feff1d0000 - 0x000007feff1fe000 	C:\Windows\system32\IMM32.DLL
0x000007feff4f0000 - 0x000007feff5f9000 	C:\Windows\system32\MSCTF.dll
0x000000006d7f0000 - 0x000000006dec1000 	C:\jre6\bin\server\jvm.dll
0x000007fefaef0000 - 0x000007fefaf2b000 	C:\Windows\system32\WINMM.dll
0x000000006d760000 - 0x000000006d76e000 	C:\jre6\bin\verify.dll
0x000000006d3b0000 - 0x000000006d3d7000 	C:\jre6\bin\java.dll
0x000000006d310000 - 0x000000006d31a000 	C:\jre6\bin\hpi.dll
0x00000000774c0000 - 0x00000000774c7000 	C:\Windows\system32\PSAPI.DLL
0x000000006d7b0000 - 0x000000006d7c2000 	C:\jre6\bin\zip.dll

VM Arguments:
jvm_args: -Xms10048m -Xmx20000m -Dfile.encoding=Cp1252 
java_command: main.tet
Launcher Type: SUN_STANDARD

Environment Variables:
CLASSPATH=.;C:\Program Files (x86)\QuickTime\QTSystem\QTJava.zip;C:\Program Files (x86)\Java\jre6\bin
PATH=C:\Windows\system32;C:\Windows;C:\Windows\System32\Wbem;C:\Windows\System32\WindowsPowerShell\v1.0\;C:\Program Files (x86)\QuickTime\QTSystem\;C:\Program Files (x86)\Java\jre6\bin
USERNAME=Emanuel Rivera
OS=Windows_NT
PROCESSOR_IDENTIFIER=Intel64 Family 6 Model 23 Stepping 6, GenuineIntel



---------------  S Y S T E M  ---------------

OS: Windows 7 Build 7600 

CPU:total 2 (2 cores per cpu, 1 threads per core) family 6 model 23 stepping 6, cmov, cx8, fxsr, mmx, sse, sse2, sse3, ssse3, sse4.1

Memory: 4k page, physical 4191432k(1417048k free), swap 16694116k(24360k free)

vm_info: Java HotSpot(TM) 64-Bit Server VM (17.1-b03) for windows-amd64 JRE (1.6.0_22-b04), built on Sep 15 2010 00:45:56 by "java_re" with MS VC++ 8.0 (VS2005)

time: Tue Nov 02 16:10:46 2010
elapsed time: 0 seconds

